[2023-07-19 00:02:44] INFO root fetch - main [MainThread]: Get Changelog since Serial: [18940487]
[2023-07-19 00:02:49] INFO root fetch - main [MainThread]: Found 12 changed packages
[2023-07-19 00:02:49] INFO root fetch - processPackages [ThreadPoolExecutor-0_0]: Start processing: fitsviz
[2023-07-19 00:02:49] INFO root fetch - processPackages [ThreadPoolExecutor-0_1]: Start processing: ascend-io-cli
[2023-07-19 00:02:49] INFO root fetch - processPackages [ThreadPoolExecutor-0_2]: Start processing: swiftly-windows
[2023-07-19 00:02:49] INFO root fetch - processPackages [ThreadPoolExecutor-0_3]: Start processing: honeybee-radiance
[2023-07-19 00:02:49] INFO root fetch - processPackages [ThreadPoolExecutor-0_4]: Start processing: honeybee-energy
[2023-07-19 00:02:49] INFO root fetch - processPackages [ThreadPoolExecutor-0_5]: Start processing: candor
[2023-07-19 00:02:49] INFO root fetch - processPackages [ThreadPoolExecutor-0_6]: Start processing: dragonfly-core
[2023-07-19 00:02:49] INFO root fetch - processPackages [ThreadPoolExecutor-0_7]: Start processing: tiledbsoma
[2023-07-19 00:02:49] INFO root fetch - processPackages [ThreadPoolExecutor-0_8]: Start processing: iamlistening
[2023-07-19 00:02:49] INFO root fetch - processPackages [ThreadPoolExecutor-0_9]: Start processing: micrOSDevToolKit
[2023-07-19 00:02:49] INFO root fetch - processPackages [swiftly-windows]: New version: [0.0.9] Old Version: [0.0.8]
[2023-07-19 00:02:49] INFO root fetch - processPackages [dragonfly-core]: New version: [1.9.0] Old Version: [1.8.1]
[2023-07-19 00:02:49] INFO root fetch - processPackages [fitsviz]: New version: [0.0.2] Old Version: [0.0.0]
[2023-07-19 00:02:49] INFO root fetch - processPackages [iamlistening]: New version: [1.1.1] Old Version: [1.1.0]
[2023-07-19 00:02:49] INFO root fetch - processPackages [ascend-io-cli]: New version: [1.0.8] Old Version: [1.0.6]
[2023-07-19 00:02:49] INFO root fetch - processPackages [swiftly-windows]: Downloading https://files.pythonhosted.org/packages/3c/76/0e32afa5916f47dd99509566836673d9087e2f5672efe382d289448eac62/swiftly-windows-0.0.8.tar.gz
[2023-07-19 00:02:49] WARNING root fetch - processPackages [candor]: Skipping, unable to determine old version
[2023-07-19 00:02:49] INFO root fetch - processPackages [micrOSDevToolKit]: New version: [1.20.3] Old Version: [1.20.0]
[2023-07-19 00:02:49] INFO root fetch - processPackages [candor]: Start processing: stl-reader
[2023-07-19 00:02:49] INFO root fetch - main [MainThread]: End processing [candor] error
[2023-07-19 00:02:49] INFO root fetch - processPackages [tiledbsoma]: New version: [1.3.0] Old Version: [1.2.7]
[2023-07-19 00:02:49] INFO root fetch - processPackages [honeybee-radiance]: New version: [1.9.2] Old Version: [1.9.1]
[2023-07-19 00:02:49] INFO root fetch - processPackages [honeybee-energy]: New version: [1.99.9] Old Version: [1.99.8]
[2023-07-19 00:02:49] INFO root fetch - processPackages [stl-reader]: New version: [0.1.dev1] Old Version: [0.1.dev0]
[2023-07-19 00:02:50] INFO root fetch - processPackages [dragonfly-core]: Downloading https://files.pythonhosted.org/packages/93/fd/7cad9d4c9406e421f7ce31b725936bb32ec8a421f9b143e829c33cae55dd/dragonfly-core-1.8.1.tar.gz
[2023-07-19 00:02:50] INFO root fetch - processPackages [stl-reader]: Downloading https://files.pythonhosted.org/packages/15/21/cf08616712589a900fa7c521ad6609c7c3795aed995f99ee90cd006211bb/stl-reader-0.1.dev0.tar.gz
[2023-07-19 00:02:50] INFO root fetch - processPackages [fitsviz]: Downloading https://files.pythonhosted.org/packages/f3/0d/0338673053e89fc4d2b473dbc1506381c71fd33cd981a4307c61c86fe254/fitsviz-0.0.0.tar.gz
[2023-07-19 00:02:50] INFO root fetch - processPackages [iamlistening]: Downloading https://files.pythonhosted.org/packages/ad/dd/85a6ef0636546cf1bc7172fe7d68b0436908a62be600e0ffa7667b62ed7c/iamlistening-1.1.0.tar.gz
[2023-07-19 00:02:50] INFO root fetch - processPackages [ascend-io-cli]: Downloading https://files.pythonhosted.org/packages/1b/a0/6ca7ec37b0a157f5c5aa4b6eb7e5060ac201fe18fa011515029c3172094e/ascend_io_cli-1.0.6.tar.gz
[2023-07-19 00:02:50] INFO root fetch - processPackages [swiftly-windows]: Downloading https://files.pythonhosted.org/packages/9b/27/a1cc64bc554f73c065719b011101ed5b604c821e9d802e867a71cfcec97c/swiftly-windows-0.0.9.tar.gz
[2023-07-19 00:02:50] INFO root fetch - processPackages [honeybee-energy]: Downloading https://files.pythonhosted.org/packages/b1/ab/c8fb70e349d71cce95bac52782f7ea0659a6987ed84dd41c7fe2ef40806c/honeybee-energy-1.99.8.tar.gz
[2023-07-19 00:02:50] INFO root fetch - processPackages [tiledbsoma]: Downloading https://files.pythonhosted.org/packages/63/47/fa1cb4b7c79ee5aed7a041fb777a2dd1f028cd168b44c5e26c4d8cb79b0c/tiledbsoma-1.2.7.tar.gz
[2023-07-19 00:02:50] INFO root fetch - processPackages [micrOSDevToolKit]: Downloading https://files.pythonhosted.org/packages/ea/3b/6ec94e64430321bf8e046e737840a64bb0113ba1860af85d89fa2bcedbf0/micrOSDevToolKit-1.20.0.tar.gz
[2023-07-19 00:02:50] INFO root fetch - processPackages [honeybee-radiance]: Downloading https://files.pythonhosted.org/packages/48/ae/cca3e8aac6a72593fde7860cbf91882050c1a465c316efc2e0472bfa36e1/honeybee-radiance-1.9.1.tar.gz
[2023-07-19 00:02:50] INFO root fetch - processPackages [swiftly-windows]: executing diffoscope
[2023-07-19 00:02:50] INFO root fetch - processPackages [swiftly-windows]: podman run --user 0:0 --rm -w /home/abi/fetcher -v /home/abi/fetcher/tmp:/home/abi/fetcher/tmp:ro -v /home/abi/fetcher/20230719:/home/abi/fetcher/20230719:rw registry.salsa.debian.org/reproducible-builds/diffoscope --no-progress tmp/swiftly-windows-0.0.8.tar.gz tmp/swiftly-windows-0.0.9.tar.gz --markdown 20230719/s/swiftly-windows/0.0.8-0.0.9/diff.md --exclude *.pyd
[2023-07-19 00:02:50] INFO root fetch - processPackages [stl-reader]: Downloading https://files.pythonhosted.org/packages/41/0c/f05c882af3030b83ac24561fa920d56d7b17f0f43abfcc8b432e15b82a45/stl-reader-0.1.dev1.tar.gz
[2023-07-19 00:02:50] INFO root fetch - processPackages [iamlistening]: Downloading https://files.pythonhosted.org/packages/bf/f0/c99b0a95dda3908f540b09a5f30416286f32b4b00108e574357c67905f4e/iamlistening-1.1.1.tar.gz
[2023-07-19 00:02:50] INFO root fetch - processPackages [dragonfly-core]: Downloading https://files.pythonhosted.org/packages/75/cb/4a1ce4726a070a188305b8d5343b4300bf24190845d85c8718cc31aa3e53/dragonfly-core-1.9.0.tar.gz
[2023-07-19 00:02:50] INFO root fetch - processPackages [fitsviz]: Downloading https://files.pythonhosted.org/packages/b9/6f/f608619d8d021f1618112cc0e3c1cbbbdf0663e70da9c37ff328e8d2efb4/fitsviz-0.0.2.tar.gz
[2023-07-19 00:02:50] INFO root fetch - processPackages [ascend-io-cli]: Downloading https://files.pythonhosted.org/packages/ab/97/f80dad76a4815d10f3b381ca4ef7ca03721ddcc642ce0cac950f0a7cc95f/ascend_io_cli-1.0.8.tar.gz
[2023-07-19 00:02:50] INFO root fetch - processPackages [honeybee-energy]: Downloading https://files.pythonhosted.org/packages/8d/5e/1bc90eeaf45799cc7d5cda125017c1e4e2cf0ef068cd3db60d971b9596ba/honeybee-energy-1.99.9.tar.gz
[2023-07-19 00:02:50] INFO root fetch - processPackages [dragonfly-core]: executing diffoscope
[2023-07-19 00:02:50] INFO root fetch - processPackages [dragonfly-core]: podman run --user 0:0 --rm -w /home/abi/fetcher -v /home/abi/fetcher/tmp:/home/abi/fetcher/tmp:ro -v /home/abi/fetcher/20230719:/home/abi/fetcher/20230719:rw registry.salsa.debian.org/reproducible-builds/diffoscope --no-progress tmp/dragonfly-core-1.8.1.tar.gz tmp/dragonfly-core-1.9.0.tar.gz --markdown 20230719/d/dragonfly-core/1.8.1-1.9.0/diff.md --exclude *.pyd
[2023-07-19 00:02:50] INFO root fetch - processPackages [stl-reader]: executing diffoscope
[2023-07-19 00:02:50] INFO root fetch - processPackages [stl-reader]: podman run --user 0:0 --rm -w /home/abi/fetcher -v /home/abi/fetcher/tmp:/home/abi/fetcher/tmp:ro -v /home/abi/fetcher/20230719:/home/abi/fetcher/20230719:rw registry.salsa.debian.org/reproducible-builds/diffoscope --no-progress tmp/stl-reader-0.1.dev0.tar.gz tmp/stl-reader-0.1.dev1.tar.gz --markdown 20230719/s/stl-reader/0.1.dev0-0.1.dev1/diff.md --exclude *.pyd
[2023-07-19 00:02:50] INFO root fetch - processPackages [tiledbsoma]: Downloading https://files.pythonhosted.org/packages/a3/d9/e691c37160235898c49fc27b272cf22e241da8d3fc443acc2ce544d1044d/tiledbsoma-1.3.0.tar.gz
[2023-07-19 00:02:50] INFO root fetch - processPackages [iamlistening]: executing diffoscope
[2023-07-19 00:02:50] INFO root fetch - processPackages [iamlistening]: podman run --user 0:0 --rm -w /home/abi/fetcher -v /home/abi/fetcher/tmp:/home/abi/fetcher/tmp:ro -v /home/abi/fetcher/20230719:/home/abi/fetcher/20230719:rw registry.salsa.debian.org/reproducible-builds/diffoscope --no-progress tmp/iamlistening-1.1.0.tar.gz tmp/iamlistening-1.1.1.tar.gz --markdown 20230719/i/iamlistening/1.1.0-1.1.1/diff.md --exclude *.pyd
[2023-07-19 00:02:50] INFO root fetch - processPackages [fitsviz]: executing diffoscope
[2023-07-19 00:02:50] INFO root fetch - processPackages [honeybee-radiance]: Downloading https://files.pythonhosted.org/packages/50/24/71a3a4863bb39caef68dcd79f1b380133b1f1968426af26bc9c4812376d1/honeybee-radiance-1.9.2.tar.gz
[2023-07-19 00:02:50] INFO root fetch - processPackages [fitsviz]: podman run --user 0:0 --rm -w /home/abi/fetcher -v /home/abi/fetcher/tmp:/home/abi/fetcher/tmp:ro -v /home/abi/fetcher/20230719:/home/abi/fetcher/20230719:rw registry.salsa.debian.org/reproducible-builds/diffoscope --no-progress tmp/fitsviz-0.0.0.tar.gz tmp/fitsviz-0.0.2.tar.gz --markdown 20230719/f/fitsviz/0.0.0-0.0.2/diff.md --exclude *.pyd
[2023-07-19 00:02:50] INFO root fetch - processPackages [honeybee-energy]: executing diffoscope
[2023-07-19 00:02:50] INFO root fetch - processPackages [honeybee-energy]: podman run --user 0:0 --rm -w /home/abi/fetcher -v /home/abi/fetcher/tmp:/home/abi/fetcher/tmp:ro -v /home/abi/fetcher/20230719:/home/abi/fetcher/20230719:rw registry.salsa.debian.org/reproducible-builds/diffoscope --no-progress tmp/honeybee-energy-1.99.8.tar.gz tmp/honeybee-energy-1.99.9.tar.gz --markdown 20230719/h/honeybee-energy/1.99.8-1.99.9/diff.md --exclude *.pyd
[2023-07-19 00:02:50] INFO root fetch - processPackages [ascend-io-cli]: executing diffoscope
[2023-07-19 00:02:50] INFO root fetch - processPackages [ascend-io-cli]: podman run --user 0:0 --rm -w /home/abi/fetcher -v /home/abi/fetcher/tmp:/home/abi/fetcher/tmp:ro -v /home/abi/fetcher/20230719:/home/abi/fetcher/20230719:rw registry.salsa.debian.org/reproducible-builds/diffoscope --no-progress tmp/ascend_io_cli-1.0.6.tar.gz tmp/ascend_io_cli-1.0.8.tar.gz --markdown 20230719/a/ascend-io-cli/1.0.6-1.0.8/diff.md --exclude *.pyd
[2023-07-19 00:02:51] INFO root fetch - processPackages [tiledbsoma]: executing diffoscope
[2023-07-19 00:02:51] INFO root fetch - processPackages [tiledbsoma]: podman run --user 0:0 --rm -w /home/abi/fetcher -v /home/abi/fetcher/tmp:/home/abi/fetcher/tmp:ro -v /home/abi/fetcher/20230719:/home/abi/fetcher/20230719:rw registry.salsa.debian.org/reproducible-builds/diffoscope --no-progress tmp/tiledbsoma-1.2.7.tar.gz tmp/tiledbsoma-1.3.0.tar.gz --markdown 20230719/t/tiledbsoma/1.2.7-1.3.0/diff.md --exclude *.pyd
[2023-07-19 00:02:51] INFO root fetch - processPackages [honeybee-radiance]: executing diffoscope
[2023-07-19 00:02:51] INFO root fetch - processPackages [honeybee-radiance]: podman run --user 0:0 --rm -w /home/abi/fetcher -v /home/abi/fetcher/tmp:/home/abi/fetcher/tmp:ro -v /home/abi/fetcher/20230719:/home/abi/fetcher/20230719:rw registry.salsa.debian.org/reproducible-builds/diffoscope --no-progress tmp/honeybee-radiance-1.9.1.tar.gz tmp/honeybee-radiance-1.9.2.tar.gz --markdown 20230719/h/honeybee-radiance/1.9.1-1.9.2/diff.md --exclude *.pyd
[2023-07-19 00:02:51] INFO root fetch - processPackages [swiftly-windows]: Remove: archive file [/home/abi/fetcher/tmp/swiftly-windows-0.0.8.tar.gz]
[2023-07-19 00:02:51] INFO root fetch - processPackages [swiftly-windows]: Remove: archive file [/home/abi/fetcher/tmp/swiftly-windows-0.0.9.tar.gz]
[2023-07-19 00:02:51] INFO root fetch - processPackages [swiftly-windows]: Start processing: roblox-pyc
[2023-07-19 00:02:51] INFO root fetch - main [MainThread]: End processing [swiftly-windows]: success
[2023-07-19 00:02:51] INFO root fetch - processPackages [micrOSDevToolKit]: Downloading https://files.pythonhosted.org/packages/e1/3a/b7c29a4917ca08e6267204baee57c3a9a9e9ca58848f8f58da29425ab851/micrOSDevToolKit-1.20.3.tar.gz
[2023-07-19 00:02:51] INFO root fetch - processPackages [roblox-pyc]: New version: [1.6.6.5a0] Old Version: [1.6.6.5.4]
[2023-07-19 00:02:51] INFO root fetch - processPackages [roblox-pyc]: Downloading https://files.pythonhosted.org/packages/44/ab/2c1167a2d328570fcff41305068766f10c181301f2cd7a1f64f72287fa27/roblox-pyc-1.6.6.5.4.tar.gz
[2023-07-19 00:02:51] INFO root fetch - processPackages [roblox-pyc]: Downloading https://files.pythonhosted.org/packages/59/75/7884ffaab86bf051065880fd8aefdfc8e3f2c34e7c9d4a8d352321ec57f8/roblox-pyc-1.6.6.5a0.tar.gz
[2023-07-19 00:02:52] INFO root fetch - processPackages [roblox-pyc]: executing diffoscope
[2023-07-19 00:02:52] INFO root fetch - processPackages [roblox-pyc]: podman run --user 0:0 --rm -w /home/abi/fetcher -v /home/abi/fetcher/tmp:/home/abi/fetcher/tmp:ro -v /home/abi/fetcher/20230719:/home/abi/fetcher/20230719:rw registry.salsa.debian.org/reproducible-builds/diffoscope --no-progress tmp/roblox-pyc-1.6.6.5.4.tar.gz tmp/roblox-pyc-1.6.6.5a0.tar.gz --markdown 20230719/r/roblox-pyc/1.6.6.5.4-1.6.6.5a0/diff.md --exclude *.pyd
[2023-07-19 00:02:52] INFO root fetch - processPackages [micrOSDevToolKit]: executing diffoscope
[2023-07-19 00:02:52] INFO root fetch - processPackages [micrOSDevToolKit]: podman run --user 0:0 --rm -w /home/abi/fetcher -v /home/abi/fetcher/tmp:/home/abi/fetcher/tmp:ro -v /home/abi/fetcher/20230719:/home/abi/fetcher/20230719:rw registry.salsa.debian.org/reproducible-builds/diffoscope --no-progress tmp/micrOSDevToolKit-1.20.0.tar.gz tmp/micrOSDevToolKit-1.20.3.tar.gz --markdown 20230719/m/micrOSDevToolKit/1.20.0-1.20.3/diff.md --exclude *.pyd
[2023-07-19 00:02:52] INFO root fetch - processPackages [stl-reader]: Remove: archive file [/home/abi/fetcher/tmp/stl-reader-0.1.dev0.tar.gz]
[2023-07-19 00:02:52] INFO root fetch - processPackages [stl-reader]: Remove: archive file [/home/abi/fetcher/tmp/stl-reader-0.1.dev1.tar.gz]
[2023-07-19 00:02:52] INFO root fetch - main [MainThread]: End processing [stl-reader]: success
[2023-07-19 00:02:52] INFO root fetch - processPackages [iamlistening]: Remove: archive file [/home/abi/fetcher/tmp/iamlistening-1.1.0.tar.gz]
[2023-07-19 00:02:52] INFO root fetch - processPackages [iamlistening]: Remove: archive file [/home/abi/fetcher/tmp/iamlistening-1.1.1.tar.gz]
[2023-07-19 00:02:52] INFO root fetch - main [MainThread]: End processing [iamlistening]: success
[2023-07-19 00:02:52] INFO root fetch - processPackages [fitsviz]: Remove: archive file [/home/abi/fetcher/tmp/fitsviz-0.0.0.tar.gz]
[2023-07-19 00:02:52] INFO root fetch - processPackages [fitsviz]: Remove: archive file [/home/abi/fetcher/tmp/fitsviz-0.0.2.tar.gz]
[2023-07-19 00:02:52] INFO root fetch - main [MainThread]: End processing [fitsviz]: success
[2023-07-19 00:02:52] INFO root fetch - processPackages [ascend-io-cli]: Remove: archive file [/home/abi/fetcher/tmp/ascend_io_cli-1.0.6.tar.gz]
[2023-07-19 00:02:52] INFO root fetch - processPackages [ascend-io-cli]: Remove: archive file [/home/abi/fetcher/tmp/ascend_io_cli-1.0.8.tar.gz]
[2023-07-19 00:02:52] INFO root fetch - main [MainThread]: End processing [ascend-io-cli]: success
[2023-07-19 00:02:52] INFO root fetch - processPackages [dragonfly-core]: Remove: archive file [/home/abi/fetcher/tmp/dragonfly-core-1.8.1.tar.gz]
[2023-07-19 00:02:52] INFO root fetch - processPackages [dragonfly-core]: Remove: archive file [/home/abi/fetcher/tmp/dragonfly-core-1.9.0.tar.gz]
[2023-07-19 00:02:52] INFO root fetch - main [MainThread]: End processing [dragonfly-core]: success
[2023-07-19 00:02:53] INFO root fetch - processPackages [honeybee-energy]: Remove: archive file [/home/abi/fetcher/tmp/honeybee-energy-1.99.8.tar.gz]
[2023-07-19 00:02:53] INFO root fetch - processPackages [honeybee-energy]: Remove: archive file [/home/abi/fetcher/tmp/honeybee-energy-1.99.9.tar.gz]
[2023-07-19 00:02:53] INFO root fetch - main [MainThread]: End processing [honeybee-energy]: success
[2023-07-19 00:02:53] INFO root fetch - processPackages [tiledbsoma]: Remove: archive file [/home/abi/fetcher/tmp/tiledbsoma-1.2.7.tar.gz]
[2023-07-19 00:02:53] INFO root fetch - processPackages [tiledbsoma]: Remove: archive file [/home/abi/fetcher/tmp/tiledbsoma-1.3.0.tar.gz]
[2023-07-19 00:02:53] INFO root fetch - main [MainThread]: End processing [tiledbsoma]: success
[2023-07-19 00:02:53] INFO root fetch - processPackages [honeybee-radiance]: Remove: archive file [/home/abi/fetcher/tmp/honeybee-radiance-1.9.1.tar.gz]
[2023-07-19 00:02:53] INFO root fetch - processPackages [honeybee-radiance]: Remove: archive file [/home/abi/fetcher/tmp/honeybee-radiance-1.9.2.tar.gz]
[2023-07-19 00:02:53] INFO root fetch - main [MainThread]: End processing [honeybee-radiance]: success
[2023-07-19 00:02:53] INFO root fetch - processPackages [roblox-pyc]: Remove: archive file [/home/abi/fetcher/tmp/roblox-pyc-1.6.6.5.4.tar.gz]
[2023-07-19 00:02:53] INFO root fetch - processPackages [roblox-pyc]: Remove: archive file [/home/abi/fetcher/tmp/roblox-pyc-1.6.6.5a0.tar.gz]
[2023-07-19 00:02:53] INFO root fetch - main [MainThread]: End processing [roblox-pyc]: success
[2023-07-19 00:02:54] INFO root fetch - processPackages [micrOSDevToolKit]: Remove: archive file [/home/abi/fetcher/tmp/micrOSDevToolKit-1.20.0.tar.gz]
[2023-07-19 00:02:54] INFO root fetch - processPackages [micrOSDevToolKit]: Remove: archive file [/home/abi/fetcher/tmp/micrOSDevToolKit-1.20.3.tar.gz]
[2023-07-19 00:02:54] INFO root fetch - main [MainThread]: End processing [micrOSDevToolKit]: success
[2023-07-19 00:02:54] INFO root fetch - main [MainThread]: Store serial: [18940558]
[2023-07-19 00:07:58] INFO root fetch - main [MainThread]: Get Changelog since Serial: [18940558]
[2023-07-19 00:08:03] INFO root fetch - main [MainThread]: Found 7 changed packages
[2023-07-19 00:08:03] INFO root fetch - processPackages [ThreadPoolExecutor-0_0]: Start processing: mlservicewrapper-plugin-application-insights
[2023-07-19 00:08:03] INFO root fetch - processPackages [ThreadPoolExecutor-0_1]: Start processing: lbt-ladybug
[2023-07-19 00:08:03] INFO root fetch - processPackages [ThreadPoolExecutor-0_2]: Start processing: MEGNetSparse
[2023-07-19 00:08:03] INFO root fetch - processPackages [ThreadPoolExecutor-0_3]: Start processing: landingai
[2023-07-19 00:08:03] INFO root fetch - processPackages [ThreadPoolExecutor-0_4]: Start processing: AshCrypt
[2023-07-19 00:08:03] INFO root fetch - processPackages [ThreadPoolExecutor-0_5]: Start processing: candor-test
[2023-07-19 00:08:03] INFO root fetch - processPackages [ThreadPoolExecutor-0_6]: Start processing: lbt-honeybee
[2023-07-19 00:08:03] INFO root fetch - processPackages [MEGNetSparse]: New version: [0.0.5] Old Version: [0.0.4]
[2023-07-19 00:08:03] INFO root fetch - processPackages [lbt-honeybee]: New version: [0.7.99] Old Version: [0.7.98]
[2023-07-19 00:08:03] INFO root fetch - processPackages [lbt-ladybug]: New version: [0.9.0] Old Version: [0.8.1]
[2023-07-19 00:08:03] WARNING root fetch - processPackages [candor-test]: Skipping, unable to determine old version
[2023-07-19 00:08:03] INFO root fetch - main [MainThread]: End processing [candor-test] error
[2023-07-19 00:08:03] INFO root fetch - processPackages [mlservicewrapper-plugin-application-insights]: New version: [0.2.0] Old Version: [0.1.2]
[2023-07-19 00:08:03] INFO root fetch - processPackages [MEGNetSparse]: Downloading https://files.pythonhosted.org/packages/8a/53/3cf164d0e723a58b7cfa9d97b771ff4d7fbcd4095ffbe6e00dd04ac1b7d6/MEGNetSparse-0.0.4.tar.gz
[2023-07-19 00:08:03] INFO root fetch - processPackages [AshCrypt]: New version: [2.0.4] Old Version: [2.0.3]
[2023-07-19 00:08:03] INFO root fetch - processPackages [landingai]: New version: [0.2.7] Old Version: [0.2.6]
[2023-07-19 00:08:04] INFO root fetch - processPackages [lbt-honeybee]: Downloading https://files.pythonhosted.org/packages/19/59/4901be09b4bc6b97917c58bf3279cb373aa222989b9501e53b4c43213a9e/lbt-honeybee-0.7.98.tar.gz
[2023-07-19 00:08:04] INFO root fetch - processPackages [lbt-ladybug]: Downloading https://files.pythonhosted.org/packages/e4/ac/474c600d6f495b8d63c49d7689b2b076f0c5f94c22728fe795233852a9e1/lbt-ladybug-0.8.1.tar.gz
[2023-07-19 00:08:04] INFO root fetch - processPackages [AshCrypt]: Downloading https://files.pythonhosted.org/packages/51/8f/70f2ba642dd5408cbb18be333da30db08db40567b3dbfe4e7fc05357045f/AshCrypt-2.0.3.tar.gz
[2023-07-19 00:08:04] INFO root fetch - processPackages [landingai]: Downloading https://files.pythonhosted.org/packages/de/c1/26b69575dca3280b4b53e4705a1c4aca5172af0eccf97ec85657939f3edb/landingai-0.2.6.tar.gz
[2023-07-19 00:08:04] INFO root fetch - processPackages [mlservicewrapper-plugin-application-insights]: Downloading https://files.pythonhosted.org/packages/ed/78/f9f2cc635365aa86978d7fcc106650fcfcd65e9439f089e9646b5284e3b6/mlservicewrapper-plugin-application-insights-0.1.2.tar.gz
[2023-07-19 00:08:04] INFO root fetch - processPackages [MEGNetSparse]: Downloading https://files.pythonhosted.org/packages/3c/ee/db2f028c7600f56f5d44a5925d6dc541d5ee0d8480f184aeb6571f4d26d0/MEGNetSparse-0.0.5.tar.gz
[2023-07-19 00:08:04] INFO root fetch - processPackages [lbt-honeybee]: Downloading https://files.pythonhosted.org/packages/a2/24/156ec161f44515db7966a68d9cc8aa62da7475128d138541e64b86dd4487/lbt-honeybee-0.7.99.tar.gz
[2023-07-19 00:08:04] INFO root fetch - processPackages [lbt-honeybee]: executing diffoscope
[2023-07-19 00:08:04] INFO root fetch - processPackages [lbt-honeybee]: podman run --user 0:0 --rm -w /home/abi/fetcher -v /home/abi/fetcher/tmp:/home/abi/fetcher/tmp:ro -v /home/abi/fetcher/20230719:/home/abi/fetcher/20230719:rw registry.salsa.debian.org/reproducible-builds/diffoscope --no-progress tmp/lbt-honeybee-0.7.98.tar.gz tmp/lbt-honeybee-0.7.99.tar.gz --markdown 20230719/l/lbt-honeybee/0.7.98-0.7.99/diff.md --exclude *.pyd
[2023-07-19 00:08:04] INFO root fetch - processPackages [landingai]: Downloading https://files.pythonhosted.org/packages/dc/62/f49a0ae92007f9e79785d9b99d59c33f5cb5ceac68196ddd5ddb7426956d/landingai-0.2.7.tar.gz
[2023-07-19 00:08:04] INFO root fetch - processPackages [MEGNetSparse]: executing diffoscope
[2023-07-19 00:08:04] INFO root fetch - processPackages [MEGNetSparse]: podman run --user 0:0 --rm -w /home/abi/fetcher -v /home/abi/fetcher/tmp:/home/abi/fetcher/tmp:ro -v /home/abi/fetcher/20230719:/home/abi/fetcher/20230719:rw registry.salsa.debian.org/reproducible-builds/diffoscope --no-progress tmp/MEGNetSparse-0.0.4.tar.gz tmp/MEGNetSparse-0.0.5.tar.gz --markdown 20230719/M/MEGNetSparse/0.0.4-0.0.5/diff.md --exclude *.pyd
[2023-07-19 00:08:04] INFO root fetch - processPackages [AshCrypt]: Downloading https://files.pythonhosted.org/packages/c3/f2/e70f0e5d4656c76bae8cc44606832ff0112b313e5b47733cd622c8dccf62/AshCrypt-2.0.4.tar.gz
[2023-07-19 00:08:04] INFO root fetch - processPackages [lbt-ladybug]: Downloading https://files.pythonhosted.org/packages/6e/e7/a4e6dcfc6b2750475acd6dee9e849a991053471ff22a90aa8f986eaef25b/lbt-ladybug-0.9.0.tar.gz
[2023-07-19 00:08:04] INFO root fetch - processPackages [mlservicewrapper-plugin-application-insights]: Downloading https://files.pythonhosted.org/packages/8f/09/484949b950e63cc50e928c9f764fb412c9e3d35d266fa0b4cf1539c6eb6d/mlservicewrapper-plugin-application-insights-0.2.0.tar.gz
[2023-07-19 00:08:04] INFO root fetch - processPackages [landingai]: executing diffoscope
[2023-07-19 00:08:04] INFO root fetch - processPackages [landingai]: podman run --user 0:0 --rm -w /home/abi/fetcher -v /home/abi/fetcher/tmp:/home/abi/fetcher/tmp:ro -v /home/abi/fetcher/20230719:/home/abi/fetcher/20230719:rw registry.salsa.debian.org/reproducible-builds/diffoscope --no-progress tmp/landingai-0.2.6.tar.gz tmp/landingai-0.2.7.tar.gz --markdown 20230719/l/landingai/0.2.6-0.2.7/diff.md --exclude *.pyd
[2023-07-19 00:08:04] INFO root fetch - processPackages [AshCrypt]: executing diffoscope
[2023-07-19 00:08:04] INFO root fetch - processPackages [AshCrypt]: podman run --user 0:0 --rm -w /home/abi/fetcher -v /home/abi/fetcher/tmp:/home/abi/fetcher/tmp:ro -v /home/abi/fetcher/20230719:/home/abi/fetcher/20230719:rw registry.salsa.debian.org/reproducible-builds/diffoscope --no-progress tmp/AshCrypt-2.0.3.tar.gz tmp/AshCrypt-2.0.4.tar.gz --markdown 20230719/A/AshCrypt/2.0.3-2.0.4/diff.md --exclude *.pyd
[2023-07-19 00:08:04] INFO root fetch - processPackages [mlservicewrapper-plugin-application-insights]: executing diffoscope
[2023-07-19 00:08:04] INFO root fetch - processPackages [mlservicewrapper-plugin-application-insights]: podman run --user 0:0 --rm -w /home/abi/fetcher -v /home/abi/fetcher/tmp:/home/abi/fetcher/tmp:ro -v /home/abi/fetcher/20230719:/home/abi/fetcher/20230719:rw registry.salsa.debian.org/reproducible-builds/diffoscope --no-progress tmp/mlservicewrapper-plugin-application-insights-0.1.2.tar.gz tmp/mlservicewrapper-plugin-application-insights-0.2.0.tar.gz --markdown 20230719/m/mlservicewrapper-plugin-application-insights/0.1.2-0.2.0/diff.md --exclude *.pyd
[2023-07-19 00:08:05] INFO root fetch - processPackages [lbt-ladybug]: executing diffoscope
[2023-07-19 00:08:05] INFO root fetch - processPackages [lbt-ladybug]: podman run --user 0:0 --rm -w /home/abi/fetcher -v /home/abi/fetcher/tmp:/home/abi/fetcher/tmp:ro -v /home/abi/fetcher/20230719:/home/abi/fetcher/20230719:rw registry.salsa.debian.org/reproducible-builds/diffoscope --no-progress tmp/lbt-ladybug-0.8.1.tar.gz tmp/lbt-ladybug-0.9.0.tar.gz --markdown 20230719/l/lbt-ladybug/0.8.1-0.9.0/diff.md --exclude *.pyd
[2023-07-19 00:08:05] INFO root fetch - processPackages [lbt-honeybee]: Remove: archive file [/home/abi/fetcher/tmp/lbt-honeybee-0.7.98.tar.gz]
[2023-07-19 00:08:05] INFO root fetch - processPackages [lbt-honeybee]: Remove: archive file [/home/abi/fetcher/tmp/lbt-honeybee-0.7.99.tar.gz]
[2023-07-19 00:08:05] INFO root fetch - main [MainThread]: End processing [lbt-honeybee]: success
[2023-07-19 00:08:05] INFO root fetch - processPackages [MEGNetSparse]: Remove: archive file [/home/abi/fetcher/tmp/MEGNetSparse-0.0.4.tar.gz]
[2023-07-19 00:08:05] INFO root fetch - processPackages [MEGNetSparse]: Remove: archive file [/home/abi/fetcher/tmp/MEGNetSparse-0.0.5.tar.gz]
[2023-07-19 00:08:05] INFO root fetch - main [MainThread]: End processing [MEGNetSparse]: success
[2023-07-19 00:08:05] INFO root fetch - processPackages [AshCrypt]: Remove: archive file [/home/abi/fetcher/tmp/AshCrypt-2.0.3.tar.gz]
[2023-07-19 00:08:05] INFO root fetch - processPackages [AshCrypt]: Remove: archive file [/home/abi/fetcher/tmp/AshCrypt-2.0.4.tar.gz]
[2023-07-19 00:08:05] INFO root fetch - main [MainThread]: End processing [AshCrypt]: success
[2023-07-19 00:08:05] INFO root fetch - processPackages [mlservicewrapper-plugin-application-insights]: Remove: archive file [/home/abi/fetcher/tmp/mlservicewrapper-plugin-application-insights-0.1.2.tar.gz]
[2023-07-19 00:08:05] INFO root fetch - processPackages [mlservicewrapper-plugin-application-insights]: Remove: archive file [/home/abi/fetcher/tmp/mlservicewrapper-plugin-application-insights-0.2.0.tar.gz]
[2023-07-19 00:08:05] INFO root fetch - main [MainThread]: End processing [mlservicewrapper-plugin-application-insights]: success
[2023-07-19 00:08:06] INFO root fetch - processPackages [landingai]: Remove: archive file [/home/abi/fetcher/tmp/landingai-0.2.6.tar.gz]
[2023-07-19 00:08:06] INFO root fetch - processPackages [landingai]: Remove: archive file [/home/abi/fetcher/tmp/landingai-0.2.7.tar.gz]
[2023-07-19 00:08:06] INFO root fetch - main [MainThread]: End processing [landingai]: success
[2023-07-19 00:08:06] INFO root fetch - processPackages [lbt-ladybug]: Remove: archive file [/home/abi/fetcher/tmp/lbt-ladybug-0.8.1.tar.gz]
[2023-07-19 00:08:06] INFO root fetch - processPackages [lbt-ladybug]: Remove: archive file [/home/abi/fetcher/tmp/lbt-ladybug-0.9.0.tar.gz]
[2023-07-19 00:08:06] INFO root fetch - main [MainThread]: End processing [lbt-ladybug]: success
[2023-07-19 00:08:06] INFO root fetch - main [MainThread]: Store serial: [18940586]
